<?xml version="1.0" encoding="UTF-8"?>
<!-- Generated by org.testng.reporters.JUnitXMLReporter -->
<testsuite ignored="0" hostname="DESKTOP-AL4NQ3K" failures="0" tests="4" name="Default test" time="38.333" errors="0" timestamp="2024-09-19T11:37:22 IST">
  <testcase classname="AQATest.RegisterTest" name="testSuccessRegistration" time="4.432"/>
  <testcase classname="AQATest.RegisterTest" name="testUnSuccessRegistrationWithInvalidUsername" time="3.142"/>
  <testcase classname="AQATest.RegisterTest" name="testUnSuccessRegistrationWithInvalidEmail" time="3.175"/>
  <testcase classname="AQATest.RegisterTest" name="testUnSuccessRegistrationWithInvalidPassword" time="3.232"/>
</testsuite> <!-- Default test -->
