<?xml version="1.0" encoding="UTF-8"?>
<testng-results ignored="0" total="4" passed="4" failed="0" skipped="0">
  <reporter-output>
  </reporter-output>
  <suite started-at="2024-09-19T11:36:44 IST" name="Default suite" finished-at="2024-09-19T11:37:22 IST" duration-ms="38333">
    <groups>
    </groups>
    <test started-at="2024-09-19T11:36:44 IST" name="Default test" finished-at="2024-09-19T11:37:22 IST" duration-ms="38333">
      <class name="AQATest.RegisterTest">
        <test-method is-config="true" signature="setUp()[pri:0, instance:AQATest.RegisterTest@4802796d]" started-at="2024-09-19T11:36:44 IST" name="setUp" finished-at="2024-09-19T11:36:49 IST" duration-ms="5375" status="PASS">
          <reporter-output>
          </reporter-output>
        </test-method> <!-- setUp -->
        <test-method signature="testSuccessRegistration()[pri:0, instance:AQATest.RegisterTest@4802796d]" started-at="2024-09-19T11:36:49 IST" name="testSuccessRegistration" finished-at="2024-09-19T11:36:54 IST" duration-ms="4432" status="PASS">
          <reporter-output>
          </reporter-output>
        </test-method> <!-- testSuccessRegistration -->
        <test-method is-config="true" signature="tearDown()[pri:0, instance:AQATest.RegisterTest@4802796d]" started-at="2024-09-19T11:36:54 IST" name="tearDown" finished-at="2024-09-19T11:36:54 IST" duration-ms="557" status="PASS">
          <reporter-output>
          </reporter-output>
        </test-method> <!-- tearDown -->
        <test-method is-config="true" signature="setUp()[pri:0, instance:AQATest.RegisterTest@4802796d]" started-at="2024-09-19T11:36:54 IST" name="setUp" finished-at="2024-09-19T11:36:59 IST" duration-ms="4722" status="PASS">
          <reporter-output>
          </reporter-output>
        </test-method> <!-- setUp -->
        <test-method signature="testUnSuccessRegistrationWithInvalidUsername()[pri:1, instance:AQATest.RegisterTest@4802796d]" started-at="2024-09-19T11:36:59 IST" name="testUnSuccessRegistrationWithInvalidUsername" finished-at="2024-09-19T11:37:02 IST" duration-ms="3142" status="PASS">
          <reporter-output>
          </reporter-output>
        </test-method> <!-- testUnSuccessRegistrationWithInvalidUsername -->
        <test-method is-config="true" signature="tearDown()[pri:0, instance:AQATest.RegisterTest@4802796d]" started-at="2024-09-19T11:37:02 IST" name="tearDown" finished-at="2024-09-19T11:37:02 IST" duration-ms="358" status="PASS">
          <reporter-output>
          </reporter-output>
        </test-method> <!-- tearDown -->
        <test-method is-config="true" signature="setUp()[pri:0, instance:AQATest.RegisterTest@4802796d]" started-at="2024-09-19T11:37:02 IST" name="setUp" finished-at="2024-09-19T11:37:09 IST" duration-ms="6807" status="PASS">
          <reporter-output>
          </reporter-output>
        </test-method> <!-- setUp -->
        <test-method signature="testUnSuccessRegistrationWithInvalidEmail()[pri:2, instance:AQATest.RegisterTest@4802796d]" started-at="2024-09-19T11:37:09 IST" name="testUnSuccessRegistrationWithInvalidEmail" finished-at="2024-09-19T11:37:12 IST" duration-ms="3175" status="PASS">
          <reporter-output>
          </reporter-output>
        </test-method> <!-- testUnSuccessRegistrationWithInvalidEmail -->
        <test-method is-config="true" signature="tearDown()[pri:0, instance:AQATest.RegisterTest@4802796d]" started-at="2024-09-19T11:37:12 IST" name="tearDown" finished-at="2024-09-19T11:37:13 IST" duration-ms="417" status="PASS">
          <reporter-output>
          </reporter-output>
        </test-method> <!-- tearDown -->
        <test-method is-config="true" signature="setUp()[pri:0, instance:AQATest.RegisterTest@4802796d]" started-at="2024-09-19T11:37:13 IST" name="setUp" finished-at="2024-09-19T11:37:19 IST" duration-ms="5679" status="PASS">
          <reporter-output>
          </reporter-output>
        </test-method> <!-- setUp -->
        <test-method signature="testUnSuccessRegistrationWithInvalidPassword()[pri:3, instance:AQATest.RegisterTest@4802796d]" started-at="2024-09-19T11:37:19 IST" name="testUnSuccessRegistrationWithInvalidPassword" finished-at="2024-09-19T11:37:22 IST" duration-ms="3232" status="PASS">
          <reporter-output>
          </reporter-output>
        </test-method> <!-- testUnSuccessRegistrationWithInvalidPassword -->
        <test-method is-config="true" signature="tearDown()[pri:0, instance:AQATest.RegisterTest@4802796d]" started-at="2024-09-19T11:37:22 IST" name="tearDown" finished-at="2024-09-19T11:37:22 IST" duration-ms="359" status="PASS">
          <reporter-output>
          </reporter-output>
        </test-method> <!-- tearDown -->
      </class> <!-- AQATest.RegisterTest -->
    </test> <!-- Default test -->
  </suite> <!-- Default suite -->
</testng-results>
